<?xml version="1.0" encoding="UTF-8"?>
<testng-results ignored="0" total="5" passed="5" failed="0" skipped="0">
  <reporter-output>
  </reporter-output>
  <suite started-at="2025-04-16T20:44:07 IST" name="Suite" finished-at="2025-04-16T20:44:23 IST" duration-ms="15388">
    <groups>
      <group name="errorhandle">
        <method signature="ErrorValidations.submitTest()[pri:0, instance:Tests.ErrorValidations@bccb269]" name="submitTest" class="Tests.ErrorValidations"/>
      </group> <!-- errorhandle -->
    </groups>
    <test started-at="2025-04-16T20:44:07 IST" name="Error Vaildations Test" finished-at="2025-04-16T20:44:12 IST" duration-ms="4818">
      <class name="Tests.ErrorValidations">
        <test-method is-config="true" signature="launchapp()[pri:0, instance:Tests.ErrorValidations@bccb269]" started-at="2025-04-16T20:44:07 IST" name="launchapp" finished-at="2025-04-16T20:44:11 IST" duration-ms="3949" status="PASS">
          <reporter-output>
          </reporter-output>
        </test-method> <!-- launchapp -->
        <test-method signature="submitTest()[pri:0, instance:Tests.ErrorValidations@bccb269]" started-at="2025-04-16T20:44:11 IST" name="submitTest" finished-at="2025-04-16T20:44:12 IST" duration-ms="779" status="PASS">
          <reporter-output>
          </reporter-output>
        </test-method> <!-- submitTest -->
        <test-method is-config="true" signature="tearDown()[pri:0, instance:Tests.ErrorValidations@bccb269]" started-at="2025-04-16T20:44:12 IST" name="tearDown" finished-at="2025-04-16T20:44:12 IST" duration-ms="72" status="PASS">
          <reporter-output>
          </reporter-output>
        </test-method> <!-- tearDown -->
      </class> <!-- Tests.ErrorValidations -->
    </test> <!-- Error Vaildations Test -->
    <test started-at="2025-04-16T20:44:07 IST" name="Submit Test" finished-at="2025-04-16T20:44:20 IST" duration-ms="12466">
      <class name="Tests.TestDay1">
        <test-method is-config="true" signature="launchapp()[pri:0, instance:Tests.TestDay1@13c9d689]" started-at="2025-04-16T20:44:07 IST" name="launchapp" finished-at="2025-04-16T20:44:11 IST" duration-ms="4099" status="PASS">
          <reporter-output>
          </reporter-output>
        </test-method> <!-- launchapp -->
        <test-method signature="submitTest()[pri:0, instance:Tests.TestDay1@13c9d689]" started-at="2025-04-16T20:44:11 IST" name="submitTest" finished-at="2025-04-16T20:44:16 IST" duration-ms="4571" status="PASS">
          <reporter-output>
          </reporter-output>
        </test-method> <!-- submitTest -->
        <test-method is-config="true" signature="tearDown()[pri:0, instance:Tests.TestDay1@13c9d689]" started-at="2025-04-16T20:44:16 IST" name="tearDown" finished-at="2025-04-16T20:44:16 IST" duration-ms="61" status="PASS">
          <reporter-output>
          </reporter-output>
        </test-method> <!-- tearDown -->
        <test-method is-config="true" signature="launchapp()[pri:0, instance:Tests.TestDay1@13c9d689]" started-at="2025-04-16T20:44:16 IST" name="launchapp" finished-at="2025-04-16T20:44:19 IST" duration-ms="3165" status="PASS">
          <reporter-output>
          </reporter-output>
        </test-method> <!-- launchapp -->
        <test-method signature="OrderHistoryTest()[pri:0, instance:Tests.TestDay1@13c9d689]" started-at="2025-04-16T20:44:19 IST" name="OrderHistoryTest" finished-at="2025-04-16T20:44:20 IST" depends-on-methods="Tests.TestDay1.submitTest" duration-ms="484" status="PASS">
          <reporter-output>
          </reporter-output>
        </test-method> <!-- OrderHistoryTest -->
        <test-method is-config="true" signature="tearDown()[pri:0, instance:Tests.TestDay1@13c9d689]" started-at="2025-04-16T20:44:20 IST" name="tearDown" finished-at="2025-04-16T20:44:20 IST" duration-ms="71" status="PASS">
          <reporter-output>
          </reporter-output>
        </test-method> <!-- tearDown -->
      </class> <!-- Tests.TestDay1 -->
    </test> <!-- Submit Test -->
    <test started-at="2025-04-16T20:44:07 IST" name="Login Vaildations Test" finished-at="2025-04-16T20:44:23 IST" duration-ms="15388">
      <class name="Tests.LoginTest">
        <test-method is-config="true" signature="launchapp()[pri:0, instance:Tests.LoginTest@158a8276]" started-at="2025-04-16T20:44:07 IST" name="launchapp" finished-at="2025-04-16T20:44:11 IST" duration-ms="4019" status="PASS">
          <reporter-output>
          </reporter-output>
        </test-method> <!-- launchapp -->
        <test-method signature="MatchTest()[pri:0, instance:Tests.LoginTest@158a8276]" started-at="2025-04-16T20:44:11 IST" name="MatchTest" finished-at="2025-04-16T20:44:15 IST" duration-ms="3697" status="PASS">
          <reporter-output>
          </reporter-output>
        </test-method> <!-- MatchTest -->
        <test-method is-config="true" signature="tearDown()[pri:0, instance:Tests.LoginTest@158a8276]" started-at="2025-04-16T20:44:15 IST" name="tearDown" finished-at="2025-04-16T20:44:15 IST" duration-ms="69" status="PASS">
          <reporter-output>
          </reporter-output>
        </test-method> <!-- tearDown -->
        <test-method is-config="true" signature="launchapp()[pri:0, instance:Tests.LoginTest@158a8276]" started-at="2025-04-16T20:44:15 IST" name="launchapp" finished-at="2025-04-16T20:44:18 IST" duration-ms="3159" status="PASS">
          <reporter-output>
          </reporter-output>
        </test-method> <!-- launchapp -->
        <test-method signature="submitOrderTest()[pri:0, instance:Tests.LoginTest@158a8276]" started-at="2025-04-16T20:44:18 IST" name="submitOrderTest" finished-at="2025-04-16T20:44:23 IST" duration-ms="4364" status="PASS">
          <reporter-output>
          </reporter-output>
        </test-method> <!-- submitOrderTest -->
        <test-method is-config="true" signature="tearDown()[pri:0, instance:Tests.LoginTest@158a8276]" started-at="2025-04-16T20:44:23 IST" name="tearDown" finished-at="2025-04-16T20:44:23 IST" duration-ms="65" status="PASS">
          <reporter-output>
          </reporter-output>
        </test-method> <!-- tearDown -->
      </class> <!-- Tests.LoginTest -->
    </test> <!-- Login Vaildations Test -->
  </suite> <!-- Suite -->
</testng-results>
